\BOOKMARK [1][-]{section.1}{\376\377\0001\000\040\137\025\212\000}{}% 1
\BOOKMARK [2][-]{subsection.1.1}{\376\377\0001\000.\0001\000\040\170\024\172\166\200\314\146\157}{section.1}% 2
\BOOKMARK [2][-]{subsection.1.2}{\376\377\0001\000.\0002\000\040\170\024\172\166\166\356\150\007}{section.1}% 3
\BOOKMARK [1][-]{section.2}{\376\377\0002\000\040\145\271\154\325}{}% 4
\BOOKMARK [2][-]{subsection.2.1}{\376\377\0002\000.\0001\000\040\145\160\143\156\226\306\116\016\230\204\131\004\164\006}{section.2}% 5
\BOOKMARK [3][-]{subsubsection.2.1.1}{\376\377\0002\000.\0001\000.\0001\000\040\145\160\143\156\147\145\156\220}{subsection.2.1}% 6
\BOOKMARK [3][-]{subsubsection.2.1.2}{\376\377\0002\000.\0001\000.\0002\000\040\126\376\147\204\136\372\155\101\172\013}{subsection.2.1}% 7
\BOOKMARK [3][-]{subsubsection.2.1.3}{\376\377\0002\000.\0001\000.\0003\000\040\145\160\143\156\122\022\122\006}{subsection.2.1}% 8
\BOOKMARK [2][-]{subsection.2.2}{\376\377\0002\000.\0002\000\040\133\371\153\324\173\227\154\325}{section.2}% 9
\BOOKMARK [3][-]{subsubsection.2.2.1}{\376\377\0002\000.\0002\000.\0001\000\040\000G\000C\000N\040\024\040\024\126\376\123\167\171\357\177\121\176\334}{subsection.2.2}% 10
\BOOKMARK [3][-]{subsubsection.2.2.2}{\376\377\0002\000.\0002\000.\0002\000\040\000G\000A\000T\040\024\040\024\126\376\154\350\141\017\122\233\177\121\176\334}{subsection.2.2}% 11
\BOOKMARK [3][-]{subsubsection.2.2.3}{\376\377\0002\000.\0002\000.\0003\000\040\000H\000G\000N\000N\040\024\040\024\215\205\126\376\171\136\176\317\177\121\176\334}{subsection.2.2}% 12
\BOOKMARK [3][-]{subsubsection.2.2.4}{\376\377\0002\000.\0002\000.\0004\000\040\000H\000y\000p\000e\000r\000G\000C\000N\040\024\040\024\215\205\126\376\214\061\123\167\171\357\217\321\117\074}{subsection.2.2}% 13
\BOOKMARK [3][-]{subsubsection.2.2.5}{\376\377\0002\000.\0002\000.\0005\000\040\000G\000r\000a\000p\000h\000\040\000T\000r\000a\000n\000s\000f\000o\000r\000m\000e\000r\040\024\040\024\126\376\000T\000r\000a\000n\000s\000f\000o\000r\000m\000e\000r}{subsection.2.2}% 14
\BOOKMARK [2][-]{subsection.2.3}{\376\377\0002\000.\0003\000\040\176\337\116\000\213\255\176\303\150\106\147\266}{section.2}% 15
\BOOKMARK [2][-]{subsection.2.4}{\376\377\0002\000.\0004\000\040\213\304\117\060\143\007\150\007\117\123\174\373}{section.2}% 16
\BOOKMARK [1][-]{section.3}{\376\377\0003\000\040\133\236\232\214}{}% 17
\BOOKMARK [2][-]{subsection.3.1}{\376\377\0003\000.\0001\000\040\133\236\232\214\213\276\177\156}{section.3}% 18
\BOOKMARK [2][-]{subsection.3.2}{\376\377\0003\000.\0002\000\040\145\164\117\123\140\047\200\375\133\371\153\324}{section.3}% 19
\BOOKMARK [2][-]{subsection.3.3}{\376\377\0003\000.\0003\000\040\176\337\213\241\146\076\204\127\140\047\150\300\232\214}{section.3}% 20
\BOOKMARK [2][-]{subsection.3.4}{\376\377\0003\000.\0004\000\040\000R\000O\000C\146\362\176\277\116\373\122\241\176\247\122\006\147\220}{section.3}% 21
\BOOKMARK [2][-]{subsection.3.5}{\376\377\0003\000.\0005\000\040\225\031\213\357\152\041\137\017\116\016\152\041\127\213\116\222\210\145\140\047}{section.3}% 22
\BOOKMARK [1][-]{section.4}{\376\377\0004\000\040\122\006\147\220}{}% 23
\BOOKMARK [2][-]{subsection.4.1}{\376\377\0004\000.\0001\000\040\140\047\200\375\143\222\136\217\166\204\155\361\134\102\147\072\122\066\377\032\137\122\176\263\120\117\177\156\116\016\150\067\147\054\145\110\163\207}{section.4}% 24
\BOOKMARK [2][-]{subsection.4.2}{\376\377\0004\000.\0002\000\040\215\205\217\271\136\372\152\041\166\204\117\030\122\277\116\016\226\167\226\061}{section.4}% 25
\BOOKMARK [2][-]{subsection.4.3}{\376\377\0004\000.\0003\000\040\121\150\134\100\154\350\141\017\122\233\166\204\123\314\227\142\140\047}{section.4}% 26
\BOOKMARK [2][-]{subsection.4.4}{\376\377\0004\000.\0004\000\040\134\100\226\120\140\047}{section.4}% 27
\BOOKMARK [1][-]{section.5}{\376\377\0005\000\040\176\323\213\272}{}% 28
